[   0.000] Itiizingcgup subs cpuset
[   00000] italzi croupubs cp
[  0.00] Iniazing cgrou subss pucct
  0.00000] nux rsn 4..071-ener (uilddlc1-md6418(gcc veio5.4. 26009 (Uunu 5.40-6unt1~1.012 ) 20Ubntu P ue ec 1:04:5UT2019(Untu 4.171.0-neri4.4.203)
[    0.00000]oman le:OOT_IGEbootvmnu-4.4.0-1-ener rot=UD=3ad447c37-48da-a5e8-d7f1b718 ro nsle=t1 onsole=tyS0
  0.0000KERNL pprte cs:
[  00000  ntelGeinInel[    0.000000]   AMD AuthenticAMD
[   00000] Cnta CtaurHauls
[    0.000000] x86/fpu: xste_fset[]:57, xsteizes[2]:  256
[  0.0000] x86/fpu: Supporting XSAE atur 01:'x87fltig pot gister
   00000] 6/u: Spotin XVEfeate 02: SSreiste'
   0.000000] x86/fpu: Suprtg XSE feature 0x0: AVreiste'[   0.000] x/fpu: Enale xsat feare 0x7,coex sizeis32byte uing tadar fmat.
[  .00000 e20: OSroviedhyical M p:
    .0000]IOe820: [em0x000000000000-00000009fff] usbl
[  0.0000 BOSe8: mem 000000000c00x00000009ffff] reseve
[  0.0000] IOSe820: [mm x00000000f00-0x0000000000fffffrerved   0.000000] BIOS-e80:me 0x00000010000-00000003ffff] ab
[   .000000] OS820:me0x000000003f000-0x000003fffffff] ACPI data
[    0.000000] BIOS-e820: [mem 0x00000000fec00000-0x00000000fec00fff] reserved
[    0.000000] BIOS-e820: [mem 0x00000000fee00000-0x00000000fee00fff] reserved
   0.000000] BIOS-e820: [mem 0x00000000fffc0000-0x00000000fffffff]esrved
[   0.000000] NX (Execute Disale) otction: active
[  .0000]MBIO2.prest.
[   00000] pevisor detected: VM[   .0000]82 last_fn= 0x3fff0 max_rc_pn = 0x400000
    00000]MTR Dsable
   00000 x86AT MRsisabedskppin P iitiazaon t.[    .000] CPU RR a bnk -viuaizedystm.
[    00000] 86/PAT: Confguraion [0-7]: WB  WT  UC U  B  W U UC 
[    .00000fond S Mtable a[m 0x0009fff0-0x0009fff]aped a [ff80000ff]
[   0.000]Scnig 1 eafor owemry cruion
  0.000] MDIS [em0x361ca0-0337dcf]
[   00000] ACPI: Early tableheksm vefiatn sabl
   0.000] ACPI:RS 000000000E00 0024(v VOX )    0000] APIXST 0000003FF03 00003C (v01 VBOX VBOXXST 000001 ASL  00000061)
[   0.000]ACPI FP 0x00000003FFFF00000F4 (v04 VBOX   VBOXFACP 00000001 ASL  00000061)
[    0.000000] ACPI: DSDT 0x000000003FFF0470 0021FF (v02 VBOX  VBBIOS 00000002 INTL 20100528)
[   00000]CP: CSx000000003FFF0200 000040
[   00000] PIFACS0x000003F020 0040
[  0.0000] PI API0x00003F024000C (v02VBX   VBAPIC 00001 L 000006
    0.000] CPI:SS 0x00000FFF020 01CCv0VBOX VXCPU 00002 IL 01008)
[   .0000 NNUMAonguraonound
[  000000] Fing a node at [mem 00000000000-0000003effff
[  0.0000 NE_ATA( alocad mem 0xfe000-3feffff]   0.000] kvm-lok:Usinmss 4641 an4b4d00
[  .00000] vm-cock: cpu 0 mr 0ff001, imy cpu lo
    0000] m-ock:si schedffet of 3761255 cycle
  0.0000 cocksur: vm-coc msk: ffffffffff max_cl: 0xd44dff mx_idlens 8815051483 n
[  .0000]on rnges
[  0.00]   A    [m 0000000010-0000000ffffff]
[  0.0000]   MA2   [m 00000000000-000000003ffeff]
[    0.000]  Noral  emty
  0.0000] Deice   empty
[    0.000000] Movable zone start for each node
[    0.000000] arl mmoryodrangs    0000]   nod   [me0x0000000000-0x000000009ef]
[    00000]   od  0:me0x000000000000x000003fefff
[    0000] Intm stup de0 [m 000000000000-0000000fffff]
[  0.00000] PIPM-TerIO or 04008[  0.000] IOIC0]: icd 2,veio 3 aress0xfe0000, GSI 03[    .000] ACPI: T_C_OV(b 0 bus_i 0glob_i 2 dfdf)
[   00000] API:NTSRC_R bus  bs_rq 9loal_i 9ow leel
[   0.00000]UsingCP(MAD f SMPonfiuration fomatin    0000] spbt:Allwi 2CPUs, 0 hotplg Us
[  00000] : egistered nosae moy: [em 0x000000-0x000ff
[   000000] PM Riser nave mmo: mem 009f000x009fff
[    0.0000]M: Risered nosae moy: [emx00a000-00effff]
[    .0000]M:egistrenoavmery: me0x000f000-000fff][  0.000] e82: em 04000000xfebfff] ailab f PCI deic
[    000000] Bootng pavrtuaiz krn oKVM   0.000] clckure: rfined-jiffi: mask: 0xfffff max_ycs: 0xfffffff mx_idlns764551960015 ns   0.00000] tu_peru:R_CPS:2 r_umsk_bts512 nr_cpu_ids:2 nr_node_ids:1
[    0.000000] PERCPU: Embedded 33 pgecp @ffff88003c000 s44r819 d528 0476
  0.0000 Bilt 1 zonelstinNode ordermoilitgrouingon Ttal ag: 5791
[   0.0000 Plicyon: DM2[  000000]Kern commd ine:BO_IAGE/bt/mlnu4..0-1-gner rt=UU=2ad447cc-4da-a8-7f16f082 ro nse=tty1 nsole=ttyS0
   0.000]PIDha tble etrs:40 (der:, 768 bes)
    0.0000]emory: 997120K/104120 aaiable86K keelcode 16K rwat 432K da, 1488 iit, 88 bss510K rerd, 0 c-reserved)
[   0.000]SL: Wali=6 Ordr=3,MinObct0, Cs=, Node1
[    0.0000] erne/Ur age abs solaio enbld[    0.0000 HiearicalCUmplention.[   0.000] 	Bldime ajumet ofeafano t64.   0.000] 	R resriinCPUsroNR_CPS=2 o nrpuids=2
[   00000] RCU: Adjusting geometry for rcu_fanout_leaf=64, nr_cu_s=2
[   00000]R_RQS:02nr_is:0 16[   0.0000 Conslecoour A+8025
  0.0000consle [tty enabled
[    .000] cool [tt0]enabled[    0.000000] tsc: Detected 2207.998 MHz processor
[   26.538364] Calibrating delay loop (skipped) preset value.. 4415.99 BogoMIPS (lpj=8831992)
[   26.580609] pid_max: default: 32768 minimum: 301
[   26.639897] ACPI: Core revision 20150930
[   26.720994] ACPI: 2 ACPI AML tables successfully acquired and loaded
[   26.838451] Security Framework initialized
[   26.927049] Yama: becoming mindful.
[   26.986915] AppArmor: AppArmor initialized
[   27.011720] Dentry cache hash table entries: 131072 (order: 8, 1048576 bytes)
[   27.089854] Inode-cache hash table entries: 65536 (order: 7, 524288 bytes)
[   27.236298] Mount-cache hash table entries: 2048 (order: 2, 16384 bytes)
[   27.377302] Mountpoint-cache hash table entries: 2048 (order: 2, 16384 bytes)
[   27.556886] Initializing cgroup subsys io
[   27.657956] Initializing cgroup subsys memory
[   27.699832] Initializing cgroup subsys devices
[   27.776855] Initializing cgroup subsys freezer
[   27.828847] Initializing cgroup subsys net_cls
[   27.918714] Initializing cgroup subsys perf_event
[   28.015857] Initializing cgroup subsys net_prio
[   28.128392] Initializing cgroup subsys hugetlb
[   28.199910] Initializing cgroup subsys pids
[   28.284756] mce: CPU supports 0 MCE banks
[   28.336314] Last level iTLB entries: 4KB 64, 2MB 8, 4MB 8
[   28.426912] Last level dTLB entries: 4KB 64, 2MB 0, 4MB 0, 1GB 4
[   28.576071] Spectre V1 : Mitigation: usercopy/swapgs barriers and __user pointer sanitization
[   28.768358] Spectre V2 : Mitigation: Full generic retpoline
[   28.847892] Spectre V2 : Spectre v2 / SpectreRSB mitigation: Filling RSB on context switch
[   29.003531] Speculative Store Bypass: Vulnerable
[   29.069358] MDS: Vulnerable: Clear CPU buffers attempted, no microcode
[   29.079495] Freeing SMP alternatives memory: 36K
[   29.204795] ftrace: allocating 32302 entries in 127 pages
[   29.324331] smpboot: APIC(0) Converting physical 0 to logical package 0
[   29.467892] smpboot: Max logical packages: 1
[   29.568089] x2apic enabled
[   29.600950] Switched APIC routing to physical x2apic.
[   29.649853] ..TIMER: vector=0x30 apic1=0 pin1=2 apic2=-1 pin2=-1
[   29.856259] smpboot: CPU0: Intel(R) Core(TM) i7-6650U CPU @ 2.20GHz (family: 0x6, model: 0x4e, stepping: 0x3)
[   29.950479] Performance Events: unsupported p6 CPU model 78 no PMU driver, software events only.
[   30.123486] KVM setup paravirtuallspinlock
[   30.188304] x86: Booting SMP configuration:
[   30.262402] .... node  #0, CPUs:      #1
[   30.263601] kvm-clock: cpu 1, msr 0:3ffe3041, secondary cpu clock
[   30.293848] mce: CPU supports 0 MCE banks
[   30.324667] x86: Booted up 1 node, 2 CPUs
[   30.366601] smpboot: Total of 2 processors activated (8831.99 BogoMIPS)
[   30.473729] devtmpfs: initialized
[   30.497154] evm: security.selinux
[   30.503951] evm: security.SMACK64
[   30.504750] evm: security.SMACK64EXEC
[   30.505578] evm: security.SMACK64TRANSMUTE
[   30.506487] evm: security.SMACK64MMAP
[   30.550503] evm: security.ima
[   30.576413] evm: security.capability
[   30.613963] clocksource: jiffies: mask: 0xffffffff max_cycles: 0xffffffff, max_idle_ns: 7645041785100000 ns
[   30.733849] futex hash table entries: 512 (order: 3, 32768 bytes)
[   30.835235] pinctrl core: initialized pinctrl subsystem
[   30.892202] RTC time: 12:53:33, date: 01/10/20
[   30.950689] NET: Registered protocol family 16
[   31.014954] cpuidle: using governor ladder
[   31.098195] cpuidle: using governor menu
[   31.117145] PCCT header not found.
[   31.126231] ACPI: bus type PCI registered
[   31.131206] acpiphp: ACPI Hot Plug PCI Controller Driver version: 0.5
[   31.140634] PCI: Using configuration type 1 for base access
[   31.216440] ACPI: Added _OSI(Module Device)
[   31.249439] ACPI: Added _OSI(Processor Device)
[   31.284411] ACPI: Added _OSI(3.0 _SCP Extensions)
[   31.336772] ACPI: Added _OSI(Processor Aggregator Device)
[   31.382660] ACPI: Executed 1 blocks of module-level executable AML code
[   31.529388] ACPI: Interpreter enabled
[   31.605369] ACPI: (supports S0 S5)
[   31.649182] ACPI: Using IOAPIC for interrupt routing
[   31.727689] PCI: Using host bridge windows from ACPI; if necessary, use "pci=nocrs" and report a bug
[   31.923165] ACPI: PCI Root Bridge [PCI0] (domain 0000 [bus 00-ff])
[   32.028187] acpi PNP0A03:00: _OSC: OS supports [ASPM ClockPM Segments MSI]
[   32.080491] acpi PNP0A03:00: _OSC: not requesting OS control; OS requires [ExtendedConfig ASPM ClockPM MSI]
[   32.157999] acpi PNP0A03:00: fail to add MMCONFIG information, can't access extended PCI configuration space under this bridge.
[   32.366724] PCI host bridge to bus 0000:00
[   32.463091] pci_bus 0000:00: root bus resource [io  0x0000-0x0cf7 window]
[   32.599287] pci_bus 0000:00: root bus resource [io  0x0d00-0xffff window]
[   32.698311] pci_bus 0000:00: root bus resource [mem 0x000a0000-0x000bffff window]
[   32.849978] pci_bus 0000:00: root bus resource [mem 0x40000000-0xfdffffff window]
[   32.918476] pci_bus 0000:00: root bus resource [bus 00-ff]
[   33.019289] pci 0000:00:01.1: legacy IDE quirk: reg 0x10: [io  0x01f0-0x01f7]
[   33.160331] pci 0000:00:01.1: legacy IDE quirk: reg 0x14: [io  0x03f6]
[   33.187671] pci 0000:00:01.1: legacy IDE quirk: reg 0x18: [io  0x0170-0x0177]
[   33.194317] pci 0000:00:01.1: legacy IDE quirk: reg 0x1c: [io  0x0376]
[   33.307050] pci 0000:00:07.0: quirk: [io  0x4000-0x403f] claimed by PIIX4 ACPI
[   33.331151] pci 0000:00:07.0: quirk: [io  0x4100-0x410f] claimed by PIIX4 SMB
[   33.373780] ACPI: PCI Interrupt Link [LNKA] (IRQs 5 9 10 *11)
[   33.409012] ACPI: PCI Interrupt Link [LNKB] (IRQs 5 9 *10 11)
[   33.516003] ACPI: PCI Interrupt Link [LNKC] (IRQs 5 *9 10 11)
[   33.639741] ACPI: PCI Interrupt Link [LNKD] (IRQs 5 9 10 *11)
[   33.711141] ACPI: Enabled 2 GPEs in block 00 to 07
[   33.798524] vgaarb: setting as boot device: PCI:0000:00:02.0
[   33.878202] vgaarb: device added: PCI:0000:00:02.0,decodes=io+mem,owns=io+mem,locks=none
[   34.006952] vgaarb: loaded
[   34.036535] vgaarb: bridge control possible 0000:00:02.0
[   34.136793] SCSI subsystem initialized
[   34.175869] ACPI: bus type USB registered
[   34.232976] usbcore: registered new interface driver usbfs
[   34.329016] usbcore: registered new interface driver hub
[   34.443503] usbcore: registered new device driver usb
[   34.498178] PCI: Using ACPI for IRQ routing
[   34.548351] NetLabel: Initializing
[   34.616119] NetLabel:  domain hash size = 128
[   34.676452] NetLabel:  protocols = UNLABELED CIPSOv4
[   34.778200] NetLabel:  unlabeled traffic allowed by default
[   34.866416] amd_nb: Cannot enumerate AMD northbridges
[   34.974941] clocksource: Switched to clocksource kvm-clock
[   .019 ApArmo: AppAmoFisyemnaed[ 35875]np:PnAC it  36094]np: nP PIfod dece

[   36.582177] clocksource: acpi_pm: mask: 0xffffff max_cycles: 0xffffff, max_idle_ns: 2085701024 ns
[   36.742166] NET: Registered protocol family 2
[   36.809291] TCP established hash table entries: 8192 (order: 4, 65536 bytes)
[   36.938978] TCP bind hash table entries: 8192 (order: 5, 131072 bytes)
[   36.995646] TCP: Hash tables configured (established 8192 bind 8192)
[   37.080132] UDP hash table entries: 512 (order: 2, 16384 bytes)
[   37.184954] UDP-Lite hash table entries: 512 (order: 2, 16384 bytes)
[   37.278187] NET: Registered protocol family 1
[   37.346658] pci 0000:00:00.0: Limiting direct PCI/PCI transfers
[   37.413769] pci 0000:00:01.0: Activating ISA DMA hang workarounds
[   37.477345] Unpacking initramfs...
[   37.741323] Freeing initrd memory: 15436K
[   37.799468] clocksource: tsc: mask: 0xffffffffffffffff max_cycles: 0x1fd3b6211b4, max_idle_ns: 440795230313 ns
[   38.001804] platform rtc_cmos: registered platform RTC device (no PNP device found)
[   38.151480] Scanning for low memory corruption every 60 seconds
[   38.283696] audit: initializing netlink subsys (disabled)
[   38.427672] audit: type=2000 audit(1578660792.045:1): initialized
[   38.566743] Initialise system trusted keyring
[   38.605813] HugeTLB registered 2 MB page size, pre-allocated 0 pages
[   3.719 zd:oade
[   38.972443] VFS: Disk quotas dquot_6.6.0
[   39.055753] VFS: Dquot-cache hash table entries: 512 (order 0, 4096 bytes)
[   39.138449] squashfs: version 4.0 (2009/01/31) Phillip Lougher
[   39.264549] fuse init (API version 7.23)
[   39.326504] Key type big_key registered
[   39.379351] Allocating IMA MOK and blacklist keyrings.
[   39.467595] Key type asymmetric registered
[   39.529556] Asymmetric key parser 'x509' registered
[   39.596249] Block layer SCSI generic (bsg) driver version 0.4 loaded (major 249)
[   39.665090] io scheduler noop registered
[   39.671689] io scheduler deadline registered (default)
[   39.686922] io scheduler cfq registered
[   39.712749] pci_hotplug: PCI Hot Plug PCI Core version: 0.5
[   39.758442] pciehp: PCI Express Hot Plug Controller Driver version: 0.4
[   39.804936] ACPI: AC Adapter [AC] (on-line)
[   39.831389] input: Power Button as /devices/LNXSYSTM:00/LNXPWRBN:00/input/input0
[   39.992670] ACPI: Power Button [PWRF]
[   40.031132] input: Sleep Button as /devices/LNXSYSTM:00/LNXSLPBN:00/input/input1
[   40.178412] ACPI: Sleep Button [SLPF]
[   40.229340] GHES: HEST is not enabled!
[   40.230594] ACPI: Battery Slot [BAT0] (battery present)
[   40.340667] Serial: 8250/16550 driver, 32 ports, IRQ sharing enabled
ÿ[   40.368240] 00:02: ttyS0 at I/O 0x3f8 (irq = 4, base_baud = 115200) is a 16550A
[   40.502494] Linux agpgart interface v0.103
[   40.573927] loop: module loaded
[   40.647563] scsi host0: ata_piix
[   40.683210] scsi host1: ata_piix
[   40.739713] ata1: PATA max UDMA/33 cmd 0x1f0 ctl 0x3f6 bmdma 0xd000 irq 14
[   40.749372] ata2: PATA max UDMA/33 cmd 0x170 ctl 0x376 bmdma 0xd008 irq 15
[   40.766892] libphy: Fixed MDIO Bus: probed
[   40.770058] tun: Universal TUN/TAP device driver, 1.6
[   40.795660] tun: (C) 1999-2004 Max Krasnyansky <maxk@qualcomm.com>
[   40.821376] PPP generic driver version 2.4.2
[   40.822229] ehci_hcd: USB 2.0 'Enhanced' Host Controller (EHCI) Driver
[   40.841172] ehci-pci: EHCI PCI platform driver
[   40.845093] ehci-platform: EHCI generic platform driver
[   40.853785] ohci_hcd: USB 1.1 'Open' Host Controller (OHCI) Driver
[   40.854861] ohci-pci: OHCI PCI platform driver
[   40.855785] ohci-platform: OHCI generic platform driver
[   40.856730] uhci_hcd: USB Universal Host Controller Interface driver
[   40.857843] i8042: PNP: PS/2 Controller [PNP0303:PS2K,PNP0f03:PS2M] at 0x60,0x64 irq 1,12
[   40.944892] serio: i8042 KBD port at 0x60,0x64 irq 1
[   40.962116] serio: i8042 AUX port at 0x60,0x64 irq 12
[   41.052832] mousedev: PS/2 mouse device common for all mice
[   41.150471] rtc_cmos rtc_cmos: rtc core: registered rtc_cmos as rtc0
[   41.282580] input: AT Translated Set 2 keyboard as /devices/platform/i8042/serio0/input/input2
[   41.383622] rtc_cmos rtc_cmos: alarms up to one day, 114 bytes nvram
[   41.386694] i2c /dev entries driver
[   41.448137] device-mapper: uevent: version 1.0.3
[   41.5111]eve-pp: ct: 34-itl (20150-) itilied dmdevel@redatom[ 42904]ledtigpurested o diteactivy  Cs
[   43.167864] NET: Registered protocol family 10
[   43.281135] NET: Registered protocol family 17
[   43.373897] Key type dns_resolver registered
[   43.433304] registered taskstats version 1
[   435092Lodi compiled-in X50ceifat
   43.940680] Lad X09er'Build time autogenerated kernel key: e951a32ceec0422669d36e9913b2c7dea5e0a587'
[   44234308] zswap: loaded using pool lzo/zbud
[   44.269241] Key type trusted registered
[   44.311140] Key type encrypted registered
[   44.388297] AppArmor: AppArmor sha1 policy hashing enabled
[   44.508778] ima: No TPM chip found, activating TPM-bypass!
[   44.603945] ima: Allocated hash algorithm: sha1
[   .730 e: AC attrs: 0x1

[   5.67] Maic numbr: 43185
[  44116rtcm rtcmos sti steclck t 20--1123:48 TC (576028

[   46.082]IO EDDfali v16004-Jun-25, 0 deviesou
[   46.37085]EDinrmion ot avilae.
[   47.318012] Freeing unused kernel memory: 1488K
[   48.234362] Write protecting the kernel read-only data: 14336k
[   49.522822] Freeing unused kernel memory: 1604K
[   50.538093] Freeing unused kernel memory: 64K
Loading, please [   51.450228] random: systemd-udevd: uninitialized urandom read (16 bytes read, 9 bits of entropy available)
wait...
startin[   51.450835] random: udevadm: uninitialized urandom read (16 bytes read, 9 bits of entropy available)
g version 229
[   51.450857] random: udevadm: uninitialized urandom read (16 bytes read, 9 bits of entropy available)
[   51.458881] random: udevadm: uninitialized urandom read (16 bytes read, 9 bits of entropy available)
[   51.458917] random: udevadm: uninitialized urandom read (16 bytes read, 9 bits of entropy available)
[   51.459104] random: udevadm: uninitialized urandom read (16 bytes read, 9 bits of entropy available)
[   51.459146] random: udevadm: uninitialized urandom read (16 bytes read, 9 bits of entropy available)
[   51.459190] random: udevadm: uninitialized urandom read (16 bytes read, 9 bits of entropy available)
[   51.459232] random: udevadm: uninitialized urandom read (16 bytes read, 9 bits of entropy available)
[   51.459271] random: udevadm: uninitialized urandom read (16 bytes read, 9 bits of entropy available)
[   53.209368] e1000: Intel(R) PRO/1000 Network Driver - version 7.3.21-k8-NAPI
[   53.292840] e1000: Copyright (c) 1999-2006 Intel Corporation.
[   53.358203] Fusion MPT base driver 3.04.20
[   53.419654] Copyright (c) 1999-2008 LSI Corporation
[   53.509523] AVX2 version of gcm_enc/dec engaged.
[   53.559227] AES CTR mode by8 optimization enabled
[   53.646782] input: ImExPS/2 Generic Explorer Mouse as /devices/platform/i8042/serio1/input/input4
[   53.744746] Fusion MPT SPI Host driver 3.04.20
[   53.991943] e1000 0000:00:03.0 eth0: (PCI:33MHz:32-bit) 02:30:52:25:60:69
[   54.135736] e1000 0000:00:03.0 eth0: Intel(R) PRO/1000 Network Connection
[   54.266318] mptbase: ioc0: Initiating bringup
[   54.267028] e1000 0000:00:03.0 enp0s3: renamed from eth0
[   54.588445] ioc0: LSI53C1030 A0: Capabilities={Initiator}
[   56.290502] scsi host2: ioc0: LSI53C1030 A0, FwRev=00000000h, Ports=1, MaxQ=256, IRQ=20
[   58.553796] scsi 2:0:0:0: Direct-Access     VBOX     HARDDISK         1.0  PQ: 0 ANSI: 5
[   58.757883] scsi target2:0:0: Beginning Domain Validation
[   58.765317] scsi target2:0:0: Domain Validation skipping write tests
[   59.911243] scsi target2:0:0: Ending Domain Validation
[   60.721218] scsi target2:0:0: asynchronous
[   61.422173] scsi 2:0:1:0: Direct-Access     VBOX     HARDDISK         1.0  PQ: 0 ANSI: 5
[   63.104727] scsi target2:0:1: Beginning Domain Validation
[   63.920017] scsi target2:0:1: Domain Validation skipping write tests
[   65.134171] scsi target2:0:1: Ending Domain Validation
[   66.093586] scsi target2:0:1: asynchronous
[   66.901246] sd 2:0:0:0: Attached scsi generic sg0 type 0
[   66.996807] sd 2:0:0:0: [sda] 20971520 512-byte logical blocks: (10.7 GB/10.0 GiB)
[   66.997127] sd 2:0:1:0: Attached scsi generic sg1 type 0
[   66.997288] sd 2:0:1:0: [sdb] 20480 512-byte logical blocks: (10.5 MB/10.0 MiB)
[   66.997492] sd 2:0:1:0: [sdb] Write Protect is off
[   66.997577] sd 2:0:1:0: [sdb] Incomplete mode parameter data
[   66.997579] sd 2:0:1:0: [sdb] Assuming drive cache: write through
[   67.038253] sd 2:0:1:0: [sdb] Attached SCSI disk
[   67.401307] sd 2:0:0:0: [sda] Write Protect is off
[   67.483613] sd 2:0:0:0: [sda] Incomplete mode parameter data
[   67.573000] sd 2:0:0:0: [sda] Assuming drive cache: write through
[   67.700277]  sda: sda1
[   67.735670] sd 2:0:0:0: [sda] Attached SCSI disk
Begin: Loading e[   69.182775] md: linear personality registered for level -1
ssential drivers[   69.259720] md: multipath personality registered for level -4
 ... [   69.361946] md: raid0 personality registered for level 0
[   69.374841] md: raid1 personality registered for level 1
[   69.539520] raid6: sse2x1   gen()  6920 MB/s
[   69.615367] raid6: sse2x1   xor()  5425 MB/s
[   69.703107] raid6: sse2x2   gen()  9493 MB/s
[   69.810967] raid6: sse2x2   xor()  8226 MB/s
[   69.927201] raid6: sse2x4   gen() 12603 MB/s
[   70.071454] raid6: sse2x4   xor()  7441 MB/s
[   70.227519] raid6: avx2x1   gen() 15534 MB/s
[   70.303305] raid6: avx2x2   gen() 18718 MB/s
[   70.415218] raid6: avx2x4   gen() 22416 MB/s
[   70.522971] raid6: using algorithm avx2x4 gen() 22416 MB/s
[   70.652893] raid6: using avx2x2 recovery algorithm
[   70.732025] xor: automatically using best checksumming function:
[   70.855049]    avx       : 23266.000 MB/sec
[   70.929926] async_tx: api initialized (async)
[   71.004771] md: raid6 personality registered for level 6
[   71.078737] md: raid5 personality registered for level 5
[   71.105977] md: raid4 personality registered for level 4
[   71.139246] md: raid10 personality registered for level 10
done.
Begin: Running /[   71.238285] Btrfs loaded
scripts/init-premount ... done.
Begin: Mounting root file system ... Begin: Running /scripts/lo[   71.342166] EXT4-fs (sda1): mounted filesystem with ordered data mode. Opts: (null)
cal-top ... done.
Begin: Running /scripts/local-premount ... Scanning for Btrfs filesystems
done.
Warning: fsck not present, so skipping root file system
done.
Begin: Running /scripts/local-bottom ... done.
Begin: Running /scripts/init-bottom ... done.
[   71.793222] systemd[1]: systemd 229 running in system mode. (+PAM +AUDIT +SELINUX +IMA +APPARMOR +SMACK +SYSVINIT +UTMP +LIBCRYPTSETUP +GCRYPT +GNUTLS +ACL +XZ -LZ4 +SECCOMP +BLKID +ELFUTILS +KMOD -IDN)
[   72.051717] systemd[1]: Detected virtualization oracle.
[   72.148227] systemd[1]: Detected architecture x86-64.

Welcome to [1mUbuntu 16.04.6 LTS[0m!

[   72.272263] systemd[1]: Set hostname to <ubuntu-xenial>.
[   72.401867] random: nonblocking pool is initialized
[   72.562352] systemd[1]: Started Trigger resolvconf update for networkd DNS.
[[0;32m  OK  [0m] Started Trigger resolvconf update for networkd DNS.
[   72.705605] systemd[1]: Set up automount Arbitrary Executable File Formats File System Automount Point.
[[0;32m  OK  [0m] Set up automount Arbitrary Executab...ats File System Automount Point.
[   72.881143] systemd[1]: Listening on Syslog Socket.
[[0;32m  OK  [0m] Listening on Syslog Socket.
[   72.970134] systemd[1]: Listening on LVM2 metadata daemon socket.
[[0;32m  OK  [0m] Listening on LVM2 metadata daemon socket.
[   73.120400] systemd[1]: Reached target User and Group Name Lookups.
[[0;32m  OK  [0m] Reached target User and Group Name Lookups.
[   73.255183] systemd[1]: Reached target Encrypted Volumes.
[[0;32m  OK  [0m] Reached target Encrypted Volumes.
[   73.356375] systemd[1]: Listening on udev Kernel Socket.
[[0;32m  OK  [0m] Listening on udev Kernel Socket.
[   73.437521] systemd[1]: Created slice System Slice.
[[0;32m  OK  [0m] Created slice System Slice.
[   73.514302] systemd[1]: Created slice system-serial\x2dgetty.slice.
[[0;32m  OK  [0m] Created slice system-serial\x2dgetty.slice.
[   73.609827] systemd[1]: Listening on udev Control Socket.
[[0;32m  OK  [0m] Listening on udev Control Socket.
[   73.780568] systemd[1]: Listening on Journal Socket (/dev/log).
[[0;32m  OK  [0m] Listening on Journal Socket (/dev/log).
[   73.963545] systemd[1]: Listening on Journal Audit Socket.
[[0;32m  OK  [0m] Listening on Journal Audit Socket.
[   74.120237] systemd[1]: Listening on Device-mapper event daemon FIFOs.
[[0;32m  OK  [0m] Listening on Device-mapper event daemon FIFOs.
[   74.299370] systemd[1]: Started Forward Password Requests to Wall Directory Watch.
[[0;32m  OK  [0m] Started Forward Password Requests to Wall Directory Watch.
[   74.447685] systemd[1]: Listening on Journal Socket.
[[0;32m  OK  [0m] Listening on Journal Socket.
[   74.559779] systemd[1]: Mounting POSIX Message Queue File System...
         Mounting POSIX Message Queue File System...
[   74.731790] systemd[1]: Starting Load Kernel Modules...
[   747651LoiniSSIrapo cass v2.0870.
         Starting Load Kernel Modules...
[   75.354971] iscsi: registered transport (tcp)
[   76.483420] systemd[1]: Starting Nameserver information manager...
         Starting Nameserver information manager...
[   76.602298] iscsi: registered transport (iser)
[   76.671588] systemd[1]: Starting Uncomplicated firewall...
         Starting Uncomplicated firewall...
[   76.839351] systemd[1]: Starting Create list of required static device nodes for the current kernel...
         Starting Create list of required st... nodes for the current kernel...
[   77.175758] systemd[1]: Starting Set console keymap...
         Starting Set console keymap...
[   77.327966] systemd[1]: Starting Monitoring of LVM2 mirrors, snapshots etc. using dmeventd or progress polling...
         Starting Monitoring of LVM2 mirrors... dmeventd or progress polling...
[   77.631846] systemd[1]: Starting Journal Service...
         Starting Journal Service...
[   77.755635] systemd[1]: Mounting Huge Pages File System...
         Mounting Huge Pages File System...
[   77.959401] systemd[1]: Starting Remount Root and Kernel File Systems...
         Starting Remount Root and Kernel[   78.159969] EXT4-fs (sda1): re-mounted. Opts: (null)
 File Systems...
[   78.212310] systemd[1]: Reached target System Time Synchronized.
[[0;32m  OK  [0m] Reached target System Time Synchronized.
[  78.4377systd[: Cretesle erndesiio Sce

[[0;32m  OK  [0m] Created slice User and Session Slice.
[   9.2157]ysemd[]:Reacedart ic.
[[0;32m  OK  [0m] Reached target Slices.
[ 79.753]ysemd[: acd targ Sap.
[[0;32m  OK  [0m] Reached target Swap.
[   80.328309] systemd[1]: Mounting Debug File System...
         Mounting Debug File System...
[   .406 sstem1]ListeinonVM2 poll em ske
[[0;32m  OK  [0m] Listening on LVM2 poll daemon socket.
[ 81.19856]ysmd1]: iseningondeinctCoatily med Pipe.

[[0;32m  OK  [0m] Listening on /dev/initctl Compatibility Named Pipe.
[   2.08] yste[1]: MuntedPOX sse ueueFi Sstem.
[[0;32m  OK  [0m] Mounted POSIX Message Queue File System.
[  869194] std[1]: Mounted eb Fil System.
[ [0;32m  OK  [0m] Mounted Debug File System.
[ 8356027] systemd[1: Mounted uge ag Fe System.
[[0;32m  OK  [0m] Mounted Huge Pages File System.
[ 83317]ysmd1]Strtedournl Service.

[[0;32m  OK  [0m] Started Journal Service.
[[0;32m  OK  [0m] Started Load Kernel Modules.
[[0;32m  OK  [0m] Started Uncomplicated firewall.
[[0;32m  OK  [0m] Started Create list of required sta...ce nodes for the current kernel.
[[0;32m  OK  [0m] Started Set console keymap.
[[0;32m  OK  [0m] Started Remount Root and Kernel File Systems.
[[0;32m  OK  [0m] Started Nameserver information manager.
[[0;32m  OK  [0m] Started LVM2 metadata daemon.
         Starting Load/Save Random Seed...
         Starting udev Coldplug all Devices...
         Starting Create Static Device Nodes in /dev...
         Mounting FUSE Control File System...
         Starting Apply Kernel Variables...
         Starting Flush Journal to Persistent Storage...
[[0;32m  OK  [0m] Mounted FUSE Control File System.
[[0;32m  OK  [0m] Started Monitoring of LVM2 mirrors,...ng dmeventd or progress polling.
[[0;32m  OK  [0m] Started Load/Save Random Seed.
[[0;32m  OK  [0m] Started Create Static Device Nodes in /dev.
[[0;32m  OK  [0m] Started Apply Kernel Variables.
[[0;32m  OK  [0m] Started udev Coldplug all Devices.
         Starting udev Kernel Device Manager...
[[0;32m  OK  [0m] Reached target Local File Systems (Pre).
[[0;32m  OK  [0m] Reached target Local File Systems.
         Starting Initial cloud-init job (pre-networking)...
         Starting LSB: AppArmor initialization...
         Starting Set console font and keymap...
         Starting Tell Plymouth To Write Out Runtime Data...
[[0;32m  OK  [0m] Started udev Kernel Device Manager.
[[0;32m  OK  [0m] Started Flush Journal to Persistent Storage.
[[0;32m  OK  [0m] Started Tell Plymouth To Write Out Runtime Data.
[   52.630027] cloud-init[508]: Cloud-init v. 18.5-45-g3554ffe8-0ubuntu1~16.04.1 running 'init-local' at Fri, 10 Jan 2020 12:54:29 +0000. Up 52.30 seconds.
[[0;32m  OK  [0m] Started Set console font and keymap.
[[0;32m  OK  [0m] Started LSB: AppArmor initialization.
[[0;32m  OK  [0m] Started Initial cloud-init job (pre-networking).
[[0;32m  OK  [0m] Found device /dev/ttyS0.
[[0;32m  OK  [0m] Listening on Load/Save RF Kill Switch Status /dev/rfkill Watch.
[[0;32m  OK  [0m] Reached target Network (Pre).
         Starting Raise network interfaces...
[[0;32m  OK  [0m] Created slice system-getty.slice.
[[0;32m  OK  [0m] Started ifup for enp0s3.
         Starting Create Volatile Files and Directories...
[[0;32m  OK  [0m] Started Dispatch Password Requests to Console Directory Watch.
[[0;32m  OK  [0m] Started Create Volatile Files and Directories.
         Starting Update UTMP about System Boot/Shutdown...
[[0;32m  OK  [0m] Started Update UTMP about System Boot/Shutdown.
[[0;32m  OK  [0m] Started Raise network interfaces.
[[0;32m  OK  [0m] Reached target Network.
         Starting Initial cloud-init job (metadata service crawler)...
[   54.362569] cloud-init[1090]: Cloud-init v. 18.5-45-g3554ffe8-0ubuntu1~16.04.1 running 'init' at Fri, 10 Jan 2020 12:54:31 +0000. Up 54.03 seconds.
[   54.504945] cloud-init[1090]: ci-info: ++++++++++++++++++++++++++++++++++++++Net device info++++++++++++++++++++++++++++++++++++++
[   54.505180] cloud-init[1090]: ci-info: +--------+------+----------------------------+---------------+--------+-------------------+
[[0;32m  OK  [0m] Started Initial cloud-init job (metadata service crawler).
[   54.505302] cloud-init[1090]: ci-info: | Device |  Up  |          Address           |      Mask     | Scope  |     Hw-Address    |
[   54.928935] cloud-init[1090]: ci-info: +--------+------+----------------------------+---------------+--------+-------------------+
[   54.929205] cloud-init[1090]: ci-info: | enp0s3 | True |         10.0.2.15          | 255.255.255.0 | global | 02:30:52:25:60:69 |
[[0;32m  OK  [0m] Reached target Network is Online.
[   54.929331] cloud-init[1090]: ci-info: | enp0s3 | True | fe80::30:52ff:fe25:6069/64 |       .       |  link  | 02:30:52:25:60:69 |
[   55.393163] cloud-init[1090]: ci-info: |   lo   | True |         127.0.0.1          |   255.0.0.0   |  host  |         .         |
[   55.393424] cloud-init[1090]: ci-info: |   lo   | True |          ::1/128           |       .       |  host  |         .         |
         Starting iSCSI initiator daemon (iscsid)...
[[   55.393549] cloud-init[1090]: ci-info: +--------+------+----------------------------+---------------+--------+-------------------+
[   55.767224] cloud-init[1090]: ci-info: +++++++++++++++++++++++++++Route IPv4 info++++++++++++++++++++++++++++
[0;32m  OK  [0m] Reached target System Initialization.
[[   55.767325] cloud-init[1090]: ci-info: +-------+-------------+----------+---------------+-----------+-------+
[0;32m  OK  [0m] Listening on UUID daemon activation socket.
[   56.239194] cloud-init[1090]: ci-info: | Route | Destination | Gateway  |    Genmask    | Interface | Flags |
[   56.553070] cloud-init[1090]: ci-info: +-------+-------------+----------+---------------+-----------+-------+
[   56.553380] cloud-init[1090]: ci-info: |   0   |   0.0.0.0   | 10.0.2.2 |    0.0.0.0    |   enp0s3  |   UG  |
[[0;32m  OK  [0m] Started ACPI Events Check.
[[   56.553660] cloud-init[1090]: ci-info: |   1   |   10.0.2.0  | 0.0.0.0  | 255.255.255.0 |   enp0s3  |   U   |
[   56.881112] cloud-init[1090]: ci-info: +-------+-------------+----------+---------------+-----------+-------+
[0;32m  OK  [0m] Reached target Paths.
[   56.881204] cloud-init[1090]: ci-info: +++++++++++++++++++Route IPv6 info+++++++++++++++++++
[   57.101246] cloud-init[1090]: ci-info: +-------+-------------+---------+-----------+-------+
[   57.101919] cloud-init[1090]: ci-info: | Route | Destination | Gateway | Interface | Flags |
[[0;32m  OK  [0m] Started Daily apt download activities.
         Starting Docker Socket for the API.
         Starting Socket activation for snappy daemon.
[   57.102217] cloud-init[1090]: ci-info: +-------+-------------+---------+-----------+-------+
[   57.674899] cloud-init[1090]: ci-info: |   0   |  fe80::/64  |    ::   |   enp0s3  |   U   |
[   57.898225] cloud-init[1090]: ci-info: |   3   |   ff00::/8  |    ::   |   enp0s3  |   U   |
[   58.025567] cloud-init[1090]: ci-info: +-------+-------------+---------+-----------+-------+
         Starting LXD - unix socket.
[[0;32m  OK  [0m] Started Daily apt upgrade and clean activities.
[[0;32m  OK  [0m] Started Daily Cleanup of Temporary Directories.
[[0;32m  OK  [0m] Listening on D-Bus System Message Bus Socket.
[[0;32m  OK  [0m] Listening on ACPID Listen Socket.
[[0;32m  OK  [0m] Reached target Timers.
[[0;32m  OK  [0m] Reached target Cloud-config availability.
[[0;32m  OK  [0m] Listening on Docker Socket for the API.
[[0;32m  OK  [0m] Listening on Socket activation for snappy daemon.
[[0;32m  OK  [0m] Listening on LXD - unix socket.
[[0;32m  OK  [0m] Started iSCSI initiator daemon (iscsid).
         Starting Login to default iSCSI targets...
[[0;32m  OK  [0m] Reached target Sockets.
[[0;32m  OK  [0m] Reached target Basic System.
[[0;32m  OK  [0m] Started ACPI event daemon.
         Starting /etc/rc.local Compatibility...
         Starting containerd container runtime...
[[0;32m  OK  [0m] Started D-Bus System Message Bus.
         Starting Ubuntu FAN network setup...
         Starting Accounts Service...
         Starting OpenBSD Secure Shell server...
         Starting LXD - container startup/shutdown...
[[0;32m  OK  [0m] Started FUSE filesystem for LXC.
[[0;32m  OK  [0m] Started High-performance, schema-free document-oriented database.
         Starting LSB: MD monitoring daemon...
         Starting Login Service...
         Starting System Logging Service...
[[0;32m  OK  [0m] Started Regular background program processing daemon.
[[0;32m  OK  [0m] Started Unattended Upgrades Shutdown.
[[0;32m  OK  [0m] Started Deferred execution scheduler.
         Starting Virtualbox guest utils...
         Starting Snappy daemon...
         Starting LSB: Record successful boot for GRUB...
[[0;32m  OK  [0m] Started System Logging Service.
[[0;32m  OK  [0m] Started /etc/rc.local Compatibility.
[[0;32m  OK  [0m] Started containerd container runtime.
[[0;32m  OK  [0m] Started Ubuntu FAN network setup.
[[0;32m  OK  [0m] Started LXD - container startup/shutdown.
[[0;32m  OK  [0m] Started Snappy daemon.
[[0;32m  OK  [0m] Started OpenBSD Secure Shell server.
[[0;32m  OK  [0m] Started Login to default iSCSI targets.
[[0;32m  OK  [0m] Started LSB: MD monitoring daemon.
[[0;32m  OK  [0m] Started Virtualbox guest utils.
[[0;32m  OK  [0m] Started LSB: Record successful boot for GRUB.
         Starting Authenticate and Authorize Users to Run Privileged Tasks...
[[0;32m  OK  [0m] Reached target Remote File Systems (Pre).
[[0;32m  OK  [0m] Reached target Remote File Systems.
         Starting LSB: daemon to balance interrupts for SMP systems...
         Starting LSB: Set up cgroupfs mounts....
         Starting LSB: Set the CPU Frequency Scaling governor to "ondemand"...
         Starting LSB: automatic crash report generation...
         Starting Permit User Sessions...
         Starting Wait until snapd is fully seeded...
         Starting Docker Application Container Engine...
[[0;32m  OK  [0m] Started LSB: Set up cgroupfs mounts..
[[0;32m  OK  [0m] Started Permit User Sessions.
[[0;32m  OK  [0m] Started Wait until snapd is fully seeded.
[[0;32m  OK  [0m] Started Login Service.
[[0;32m  OK  [0m] Started Authenticate and Authorize Users to Run Privileged Tasks.
[[0;32m  OK  [0m] Started Accounts Service.
[[0;32m  OK  [0m] Started LSB: Set the CPU Frequency Scaling governor to "ondemand".
[[0;32m  OK  [0m] Started LSB: daemon to balance interrupts for SMP systems.
[[0;32m  OK  [0m] Created slice User Slice of vagrant.
[[0;32m  OK  [0m] Started Session 1 of user vagrant.
         Starting User Manager for UID 1000...
         Starting Apply the settings specified in cloud-config...
         Starting Hold until boot process finishes up...
         Starting Terminate Plymouth Boot Screen...
[[0;32m  OK  [0m] Started User Manager for UID 1000.
[[0;32m  OK  [0m] Started LSB: automatic crash report generation.
[[0;32m  OK  [0m] Started Hold until boot process finishes up.
[[0;32m  OK  [0m] Started Terminate Plymouth Boot Screen.
[[0;32m  OK  [0m] Started Docker Application Container Engine.
[[0;32m  OK  [0m] Started Serial Getty on ttyS0.
         Starting Set console scheme...
[   62.899208] cloud-init[1405]: Cloud-init v. 18.5-45-g3554ffe8-0ubuntu1~16.04.1 running 'modules:config' at Fri, 10 Jan 2020 12:54:40 +0000. Up 62.78 seconds.
[[0;32m  OK  [0m] Started Getty on tty1.
[[0;32m  OK  [0m] Reached target Login Prompts.
[[0;32m  OK  [0m] Reached target Multi-User System.
[[0;32m  OK  [0m] Reached target Graphical Interface.
         Starting Update UTMP about System Runlevel Changes...
[[0;32m  OK  [0m] Started Apply the settings specified in cloud-config.
[[0;32m  OK  [0m] Started Set console scheme.
[[0;32m  OK  [0m] Started Update UTMP about System Runlevel Changes.
         Starting Execute cloud user/final scripts...
[   64.069244] cloud-init[1596]: Cloud-init v. 18.5-45-g3554ffe8-0ubuntu1~16.04.1 running 'modules:final' at Fri, 10 Jan 2020 12:54:41 +0000. Up 63.96 seconds.
[   64.112839] cloud-init[1596]: Cloud-init v. 18.5-45-g3554ffe8-0ubuntu1~16.04.1 finished at Fri, 10 Jan 2020 12:54:41 +0000. Datasource DataSourceNoCloud [seed=/dev/sdb][dsmode=net].  Up 64.06 seconds
[[0;32m  OK  [0m] Started Execute cloud user/final scripts.
[[0;32m  OK  [0m] Reached target Cloud-init target.

Ubuntu 16.04.6 LTS ubuntu-xenial ttyS0

ubuntu-xenial login: 